<?xml version="1.0" encoding="UTF-8"?>
<!-- Generated by org.testng.reporters.JUnitReportReporter -->
<testsuite hostname="mypc" failures="0" tests="1" name="vtiger_contactTest.To_create_Organization_script3" time="28.558" errors="0" timestamp="2025-05-15T12:05:38 IST" skipped="0">
  <testcase classname="vtiger_contactTest.To_create_Organization_script3" name="tocCreateContactTest_001" time="28.558"/>
  <system-out>
    <![CDATA[[ ACC32 ] Wipro627 - Organization Information
Wipro
[ ACC32 ] Wipro627 - Organization Information--passed]]>
  </system-out>
</testsuite> <!-- vtiger_contactTest.To_create_Organization_script3 -->
