<?xml version="1.0" encoding="UTF-8"?>
<!-- Generated by org.testng.reporters.JUnitReportReporter -->
<testsuite hostname="mypc" failures="0" tests="1" name="vtiger_contactTest.ToCreateOrganizationTest" time="10.010" errors="0" timestamp="2025-05-15T13:46:52 IST" skipped="0">
  <testcase classname="vtiger_contactTest.ToCreateOrganizationTest" name="tocCreateContactTest_001" time="10.010"/>
  <system-out>
    <![CDATA[[ ACC35 ] Wipro538 - Organization Information
Wipro]]>
  </system-out>
</testsuite> <!-- vtiger_contactTest.ToCreateOrganizationTest -->
